<?xml version="1.0" encoding="UTF-8"?>
<!-- Generated by org.testng.reporters.JUnitXMLReporter -->
<testsuite hostname="DESKTOP-QFTE8PL" ignored="0" name="Default test" tests="3" failures="0" timestamp="2020-01-28T09:38:50 EST" time="0.1" errors="0">
  <testcase name="test1" time="0.022" classname="com.class04.ListenersDemo"/>
  <testcase name="test2" time="0.002" classname="com.class04.ListenersDemo"/>
  <testcase name="test3" time="0.002" classname="com.class04.ListenersDemo"/>
</testsuite> <!-- Default test -->
